Cloning from https://github.com/Bitwise-01/YouTubeViews-
Enumerating objects: 93, done.
Counting objects:  10% (1/10)
Counting objects:  20% (2/10)
Counting objects:  30% (3/10)
Counting objects:  40% (4/10)
Counting objects:  50% (5/10)
Counting objects:  60% (6/10)
Counting objects:  70% (7/10)
Counting objects:  80% (8/10)Counting objects:  90% (9/10)
Counting objects: 100% (10/10)
Counting objects: 100% (10/10), done.
Compressing objects:  10% (1/10)Compressing objects:  20% (2/10)
Compressing objects:  30% (3/10)
Compressing objects:  40% (4/10)Compressing objects:  50% (5/10)
Compressing objects:  60% (6/10)
Compressing objects:  70% (7/10)Compressing objects:  80% (8/10)
Compressing objects:  90% (9/10)
Compressing objects: 100% (10/10)
Compressing objects: 100% (10/10), done.
Total 93 (delta 4), reused 1 (delta 0), pack-reused 83
